
Started GET "/assets/rails.png" for 127.0.0.1 at 2013-04-03 23:29:37 -0300
Served asset /rails.png - 200 OK (30ms)


Started GET "/" for 127.0.0.1 at 2013-04-04 00:02:35 -0300
Connecting to database specified by database.yml

ActionController::RoutingError (uninitialized constant HomeController):
  activesupport (3.2.5) lib/active_support/inflector/methods.rb:229:in `block in constantize'
  activesupport (3.2.5) lib/active_support/inflector/methods.rb:228:in `each'
  activesupport (3.2.5) lib/active_support/inflector/methods.rb:228:in `constantize'
  actionpack (3.2.5) lib/action_dispatch/routing/route_set.rb:69:in `controller_reference'
  actionpack (3.2.5) lib/action_dispatch/routing/route_set.rb:54:in `controller'
  actionpack (3.2.5) lib/action_dispatch/routing/route_set.rb:32:in `call'
  journey (1.0.3) lib/journey/router.rb:68:in `block in call'
  journey (1.0.3) lib/journey/router.rb:56:in `each'
  journey (1.0.3) lib/journey/router.rb:56:in `call'
  actionpack (3.2.5) lib/action_dispatch/routing/route_set.rb:600:in `call'
  actionpack (3.2.5) lib/action_dispatch/middleware/best_standards_support.rb:17:in `call'
  rack (1.4.1) lib/rack/etag.rb:23:in `call'
  rack (1.4.1) lib/rack/conditionalget.rb:25:in `call'
  actionpack (3.2.5) lib/action_dispatch/middleware/head.rb:14:in `call'
  actionpack (3.2.5) lib/action_dispatch/middleware/params_parser.rb:21:in `call'
  actionpack (3.2.5) lib/action_dispatch/middleware/flash.rb:238:in `call'
  rack (1.4.1) lib/rack/session/abstract/id.rb:205:in `context'
  rack (1.4.1) lib/rack/session/abstract/id.rb:200:in `call'
  actionpack (3.2.5) lib/action_dispatch/middleware/cookies.rb:338:in `call'
  activerecord (3.2.5) lib/active_record/query_cache.rb:64:in `call'
  activerecord (3.2.5) lib/active_record/connection_adapters/abstract/connection_pool.rb:473:in `call'
  actionpack (3.2.5) lib/action_dispatch/middleware/callbacks.rb:28:in `block in call'
  activesupport (3.2.5) lib/active_support/callbacks.rb:405:in `_run__881696774252311168__call__3685104685354994703__callbacks'
  activesupport (3.2.5) lib/active_support/callbacks.rb:405:in `__run_callback'
  activesupport (3.2.5) lib/active_support/callbacks.rb:385:in `_run_call_callbacks'
  activesupport (3.2.5) lib/active_support/callbacks.rb:81:in `run_callbacks'
  actionpack (3.2.5) lib/action_dispatch/middleware/callbacks.rb:27:in `call'
  actionpack (3.2.5) lib/action_dispatch/middleware/reloader.rb:65:in `call'
  actionpack (3.2.5) lib/action_dispatch/middleware/remote_ip.rb:31:in `call'
  actionpack (3.2.5) lib/action_dispatch/middleware/debug_exceptions.rb:16:in `call'
  actionpack (3.2.5) lib/action_dispatch/middleware/show_exceptions.rb:56:in `call'
  railties (3.2.5) lib/rails/rack/logger.rb:26:in `call_app'
  railties (3.2.5) lib/rails/rack/logger.rb:16:in `call'
  actionpack (3.2.5) lib/action_dispatch/middleware/request_id.rb:22:in `call'
  rack (1.4.1) lib/rack/methodoverride.rb:21:in `call'
  rack (1.4.1) lib/rack/runtime.rb:17:in `call'
  activesupport (3.2.5) lib/active_support/cache/strategy/local_cache.rb:72:in `call'
  rack (1.4.1) lib/rack/lock.rb:15:in `call'
  actionpack (3.2.5) lib/action_dispatch/middleware/static.rb:62:in `call'
  railties (3.2.5) lib/rails/engine.rb:479:in `call'
  railties (3.2.5) lib/rails/application.rb:220:in `call'
  rack (1.4.1) lib/rack/content_length.rb:14:in `call'
  railties (3.2.5) lib/rails/rack/log_tailer.rb:17:in `call'
  rack (1.4.1) lib/rack/handler/webrick.rb:59:in `service'
  /Users/julivandamaceno/.rvm/rubies/ruby-1.9.2-p136/lib/ruby/1.9.1/webrick/httpserver.rb:111:in `service'
  /Users/julivandamaceno/.rvm/rubies/ruby-1.9.2-p136/lib/ruby/1.9.1/webrick/httpserver.rb:70:in `run'
  /Users/julivandamaceno/.rvm/rubies/ruby-1.9.2-p136/lib/ruby/1.9.1/webrick/server.rb:183:in `block in start_thread'


  Rendered /Users/julivandamaceno/.rvm/gems/ruby-1.9.2-p136@atrip/gems/actionpack-3.2.5/lib/action_dispatch/middleware/templates/rescues/routing_error.erb within rescues/layout (14.4ms)


Started GET "/" for 127.0.0.1 at 2013-04-04 00:03:06 -0300

AbstractController::ActionNotFound (The action 'index' could not be found for HomeController):
  actionpack (3.2.5) lib/abstract_controller/base.rb:116:in `process'
  actionpack (3.2.5) lib/abstract_controller/rendering.rb:45:in `process'
  actionpack (3.2.5) lib/action_controller/metal.rb:203:in `dispatch'
  actionpack (3.2.5) lib/action_controller/metal/rack_delegation.rb:14:in `dispatch'
  actionpack (3.2.5) lib/action_controller/metal.rb:246:in `block in action'
  actionpack (3.2.5) lib/action_dispatch/routing/route_set.rb:73:in `call'
  actionpack (3.2.5) lib/action_dispatch/routing/route_set.rb:73:in `dispatch'
  actionpack (3.2.5) lib/action_dispatch/routing/route_set.rb:36:in `call'
  journey (1.0.3) lib/journey/router.rb:68:in `block in call'
  journey (1.0.3) lib/journey/router.rb:56:in `each'
  journey (1.0.3) lib/journey/router.rb:56:in `call'
  actionpack (3.2.5) lib/action_dispatch/routing/route_set.rb:600:in `call'
  actionpack (3.2.5) lib/action_dispatch/middleware/best_standards_support.rb:17:in `call'
  rack (1.4.1) lib/rack/etag.rb:23:in `call'
  rack (1.4.1) lib/rack/conditionalget.rb:25:in `call'
  actionpack (3.2.5) lib/action_dispatch/middleware/head.rb:14:in `call'
  actionpack (3.2.5) lib/action_dispatch/middleware/params_parser.rb:21:in `call'
  actionpack (3.2.5) lib/action_dispatch/middleware/flash.rb:238:in `call'
  rack (1.4.1) lib/rack/session/abstract/id.rb:205:in `context'
  rack (1.4.1) lib/rack/session/abstract/id.rb:200:in `call'
  actionpack (3.2.5) lib/action_dispatch/middleware/cookies.rb:338:in `call'
  activerecord (3.2.5) lib/active_record/query_cache.rb:64:in `call'
  activerecord (3.2.5) lib/active_record/connection_adapters/abstract/connection_pool.rb:473:in `call'
  actionpack (3.2.5) lib/action_dispatch/middleware/callbacks.rb:28:in `block in call'
  activesupport (3.2.5) lib/active_support/callbacks.rb:405:in `_run__881696774252311168__call__3685104685354994703__callbacks'
  activesupport (3.2.5) lib/active_support/callbacks.rb:405:in `__run_callback'
  activesupport (3.2.5) lib/active_support/callbacks.rb:385:in `_run_call_callbacks'
  activesupport (3.2.5) lib/active_support/callbacks.rb:81:in `run_callbacks'
  actionpack (3.2.5) lib/action_dispatch/middleware/callbacks.rb:27:in `call'
  actionpack (3.2.5) lib/action_dispatch/middleware/reloader.rb:65:in `call'
  actionpack (3.2.5) lib/action_dispatch/middleware/remote_ip.rb:31:in `call'
  actionpack (3.2.5) lib/action_dispatch/middleware/debug_exceptions.rb:16:in `call'
  actionpack (3.2.5) lib/action_dispatch/middleware/show_exceptions.rb:56:in `call'
  railties (3.2.5) lib/rails/rack/logger.rb:26:in `call_app'
  railties (3.2.5) lib/rails/rack/logger.rb:16:in `call'
  actionpack (3.2.5) lib/action_dispatch/middleware/request_id.rb:22:in `call'
  rack (1.4.1) lib/rack/methodoverride.rb:21:in `call'
  rack (1.4.1) lib/rack/runtime.rb:17:in `call'
  activesupport (3.2.5) lib/active_support/cache/strategy/local_cache.rb:72:in `call'
  rack (1.4.1) lib/rack/lock.rb:15:in `call'
  actionpack (3.2.5) lib/action_dispatch/middleware/static.rb:62:in `call'
  railties (3.2.5) lib/rails/engine.rb:479:in `call'
  railties (3.2.5) lib/rails/application.rb:220:in `call'
  rack (1.4.1) lib/rack/content_length.rb:14:in `call'
  railties (3.2.5) lib/rails/rack/log_tailer.rb:17:in `call'
  rack (1.4.1) lib/rack/handler/webrick.rb:59:in `service'
  /Users/julivandamaceno/.rvm/rubies/ruby-1.9.2-p136/lib/ruby/1.9.1/webrick/httpserver.rb:111:in `service'
  /Users/julivandamaceno/.rvm/rubies/ruby-1.9.2-p136/lib/ruby/1.9.1/webrick/httpserver.rb:70:in `run'
  /Users/julivandamaceno/.rvm/rubies/ruby-1.9.2-p136/lib/ruby/1.9.1/webrick/server.rb:183:in `block in start_thread'


  Rendered /Users/julivandamaceno/.rvm/gems/ruby-1.9.2-p136@atrip/gems/actionpack-3.2.5/lib/action_dispatch/middleware/templates/rescues/unknown_action.erb within rescues/layout (0.5ms)


Started GET "/" for 127.0.0.1 at 2013-04-04 00:03:17 -0300
Processing by HomeController#index as HTML
Completed 500 Internal Server Error in 24ms

ActionView::MissingTemplate (Missing template home/index, application/index with {:locale=>[:en], :formats=>[:html], :handlers=>[:erb, :builder, :coffee]}. Searched in:
  * "/Users/julivandamaceno/dev/workspace/atrip/app/views"
):
  actionpack (3.2.5) lib/action_view/path_set.rb:58:in `find'
  actionpack (3.2.5) lib/action_view/lookup_context.rb:109:in `find'
  actionpack (3.2.5) lib/action_view/renderer/abstract_renderer.rb:3:in `find_template'
  actionpack (3.2.5) lib/action_view/renderer/template_renderer.rb:34:in `determine_template'
  actionpack (3.2.5) lib/action_view/renderer/template_renderer.rb:10:in `render'
  actionpack (3.2.5) lib/action_view/renderer/renderer.rb:36:in `render_template'
  actionpack (3.2.5) lib/action_view/renderer/renderer.rb:17:in `render'
  actionpack (3.2.5) lib/abstract_controller/rendering.rb:110:in `_render_template'
  actionpack (3.2.5) lib/action_controller/metal/streaming.rb:225:in `_render_template'
  actionpack (3.2.5) lib/abstract_controller/rendering.rb:103:in `render_to_body'
  actionpack (3.2.5) lib/action_controller/metal/renderers.rb:28:in `render_to_body'
  actionpack (3.2.5) lib/action_controller/metal/compatibility.rb:50:in `render_to_body'
  actionpack (3.2.5) lib/abstract_controller/rendering.rb:88:in `render'
  actionpack (3.2.5) lib/action_controller/metal/rendering.rb:16:in `render'
  actionpack (3.2.5) lib/action_controller/metal/instrumentation.rb:40:in `block (2 levels) in render'
  activesupport (3.2.5) lib/active_support/core_ext/benchmark.rb:5:in `block in ms'
  /Users/julivandamaceno/.rvm/rubies/ruby-1.9.2-p136/lib/ruby/1.9.1/benchmark.rb:309:in `realtime'
  activesupport (3.2.5) lib/active_support/core_ext/benchmark.rb:5:in `ms'
  actionpack (3.2.5) lib/action_controller/metal/instrumentation.rb:40:in `block in render'
  actionpack (3.2.5) lib/action_controller/metal/instrumentation.rb:83:in `cleanup_view_runtime'
  activerecord (3.2.5) lib/active_record/railties/controller_runtime.rb:24:in `cleanup_view_runtime'
  actionpack (3.2.5) lib/action_controller/metal/instrumentation.rb:39:in `render'
  actionpack (3.2.5) lib/action_controller/metal/implicit_render.rb:10:in `default_render'
  actionpack (3.2.5) lib/action_controller/metal/implicit_render.rb:5:in `send_action'
  actionpack (3.2.5) lib/abstract_controller/base.rb:167:in `process_action'
  actionpack (3.2.5) lib/action_controller/metal/rendering.rb:10:in `process_action'
  actionpack (3.2.5) lib/abstract_controller/callbacks.rb:18:in `block in process_action'
  activesupport (3.2.5) lib/active_support/callbacks.rb:414:in `_run__1372344905904817658__process_action__1325722062306321008__callbacks'
  activesupport (3.2.5) lib/active_support/callbacks.rb:405:in `__run_callback'
  activesupport (3.2.5) lib/active_support/callbacks.rb:385:in `_run_process_action_callbacks'
  activesupport (3.2.5) lib/active_support/callbacks.rb:81:in `run_callbacks'
  actionpack (3.2.5) lib/abstract_controller/callbacks.rb:17:in `process_action'
  actionpack (3.2.5) lib/action_controller/metal/rescue.rb:29:in `process_action'
  actionpack (3.2.5) lib/action_controller/metal/instrumentation.rb:30:in `block in process_action'
  activesupport (3.2.5) lib/active_support/notifications.rb:123:in `block in instrument'
  activesupport (3.2.5) lib/active_support/notifications/instrumenter.rb:20:in `instrument'
  activesupport (3.2.5) lib/active_support/notifications.rb:123:in `instrument'
  actionpack (3.2.5) lib/action_controller/metal/instrumentation.rb:29:in `process_action'
  actionpack (3.2.5) lib/action_controller/metal/params_wrapper.rb:206:in `process_action'
  activerecord (3.2.5) lib/active_record/railties/controller_runtime.rb:18:in `process_action'
  actionpack (3.2.5) lib/abstract_controller/base.rb:121:in `process'
  actionpack (3.2.5) lib/abstract_controller/rendering.rb:45:in `process'
  actionpack (3.2.5) lib/action_controller/metal.rb:203:in `dispatch'
  actionpack (3.2.5) lib/action_controller/metal/rack_delegation.rb:14:in `dispatch'
  actionpack (3.2.5) lib/action_controller/metal.rb:246:in `block in action'
  actionpack (3.2.5) lib/action_dispatch/routing/route_set.rb:73:in `call'
  actionpack (3.2.5) lib/action_dispatch/routing/route_set.rb:73:in `dispatch'
  actionpack (3.2.5) lib/action_dispatch/routing/route_set.rb:36:in `call'
  journey (1.0.3) lib/journey/router.rb:68:in `block in call'
  journey (1.0.3) lib/journey/router.rb:56:in `each'
  journey (1.0.3) lib/journey/router.rb:56:in `call'
  actionpack (3.2.5) lib/action_dispatch/routing/route_set.rb:600:in `call'
  actionpack (3.2.5) lib/action_dispatch/middleware/best_standards_support.rb:17:in `call'
  rack (1.4.1) lib/rack/etag.rb:23:in `call'
  rack (1.4.1) lib/rack/conditionalget.rb:25:in `call'
  actionpack (3.2.5) lib/action_dispatch/middleware/head.rb:14:in `call'
  actionpack (3.2.5) lib/action_dispatch/middleware/params_parser.rb:21:in `call'
  actionpack (3.2.5) lib/action_dispatch/middleware/flash.rb:238:in `call'
  rack (1.4.1) lib/rack/session/abstract/id.rb:205:in `context'
  rack (1.4.1) lib/rack/session/abstract/id.rb:200:in `call'
  actionpack (3.2.5) lib/action_dispatch/middleware/cookies.rb:338:in `call'
  activerecord (3.2.5) lib/active_record/query_cache.rb:64:in `call'
  activerecord (3.2.5) lib/active_record/connection_adapters/abstract/connection_pool.rb:473:in `call'
  actionpack (3.2.5) lib/action_dispatch/middleware/callbacks.rb:28:in `block in call'
  activesupport (3.2.5) lib/active_support/callbacks.rb:405:in `_run__881696774252311168__call__3685104685354994703__callbacks'
  activesupport (3.2.5) lib/active_support/callbacks.rb:405:in `__run_callback'
  activesupport (3.2.5) lib/active_support/callbacks.rb:385:in `_run_call_callbacks'
  activesupport (3.2.5) lib/active_support/callbacks.rb:81:in `run_callbacks'
  actionpack (3.2.5) lib/action_dispatch/middleware/callbacks.rb:27:in `call'
  actionpack (3.2.5) lib/action_dispatch/middleware/reloader.rb:65:in `call'
  actionpack (3.2.5) lib/action_dispatch/middleware/remote_ip.rb:31:in `call'
  actionpack (3.2.5) lib/action_dispatch/middleware/debug_exceptions.rb:16:in `call'
  actionpack (3.2.5) lib/action_dispatch/middleware/show_exceptions.rb:56:in `call'
  railties (3.2.5) lib/rails/rack/logger.rb:26:in `call_app'
  railties (3.2.5) lib/rails/rack/logger.rb:16:in `call'
  actionpack (3.2.5) lib/action_dispatch/middleware/request_id.rb:22:in `call'
  rack (1.4.1) lib/rack/methodoverride.rb:21:in `call'
  rack (1.4.1) lib/rack/runtime.rb:17:in `call'
  activesupport (3.2.5) lib/active_support/cache/strategy/local_cache.rb:72:in `call'
  rack (1.4.1) lib/rack/lock.rb:15:in `call'
  actionpack (3.2.5) lib/action_dispatch/middleware/static.rb:62:in `call'
  railties (3.2.5) lib/rails/engine.rb:479:in `call'
  railties (3.2.5) lib/rails/application.rb:220:in `call'
  rack (1.4.1) lib/rack/content_length.rb:14:in `call'
  railties (3.2.5) lib/rails/rack/log_tailer.rb:17:in `call'
  rack (1.4.1) lib/rack/handler/webrick.rb:59:in `service'
  /Users/julivandamaceno/.rvm/rubies/ruby-1.9.2-p136/lib/ruby/1.9.1/webrick/httpserver.rb:111:in `service'
  /Users/julivandamaceno/.rvm/rubies/ruby-1.9.2-p136/lib/ruby/1.9.1/webrick/httpserver.rb:70:in `run'
  /Users/julivandamaceno/.rvm/rubies/ruby-1.9.2-p136/lib/ruby/1.9.1/webrick/server.rb:183:in `block in start_thread'


  Rendered /Users/julivandamaceno/.rvm/gems/ruby-1.9.2-p136@atrip/gems/actionpack-3.2.5/lib/action_dispatch/middleware/templates/rescues/missing_template.erb within rescues/layout (0.4ms)


Started GET "/" for 127.0.0.1 at 2013-04-04 00:03:42 -0300
Processing by HomeController#index as HTML
  Rendered home/index.html.erb within layouts/application (0.5ms)
Compiled home.css  (63ms)  (pid 36635)
Compiled ie.css  (2ms)  (pid 36635)
Compiled print.css  (2ms)  (pid 36635)
Compiled screen.css  (143ms)  (pid 36635)
Compiled application.css  (304ms)  (pid 36635)
Compiled jquery.js  (3ms)  (pid 36635)
Compiled jquery_ujs.js  (0ms)  (pid 36635)
Compiled home.js  (369ms)  (pid 36635)
Compiled application.js  (470ms)  (pid 36635)
Completed 200 OK in 999ms (Views: 998.9ms | ActiveRecord: 0.0ms)


Started GET "/assets/home.css?body=1" for 127.0.0.1 at 2013-04-04 00:03:43 -0300
Served asset /home.css - 200 OK (3ms)


Started GET "/assets/ie.css?body=1" for 127.0.0.1 at 2013-04-04 00:03:43 -0300
Served asset /ie.css - 200 OK (3ms)


Started GET "/assets/application.css?body=1" for 127.0.0.1 at 2013-04-04 00:03:43 -0300
Served asset /application.css - 200 OK (19ms)


Started GET "/assets/screen.css?body=1" for 127.0.0.1 at 2013-04-04 00:03:43 -0300
Served asset /screen.css - 200 OK (2ms)


Started GET "/assets/jquery.js?body=1" for 127.0.0.1 at 2013-04-04 00:03:43 -0300
Served asset /jquery.js - 200 OK (7ms)


Started GET "/assets/print.css?body=1" for 127.0.0.1 at 2013-04-04 00:03:43 -0300
Served asset /print.css - 200 OK (3ms)


Started GET "/css/normalize.css" for 127.0.0.1 at 2013-04-04 00:03:43 -0300

ActionController::RoutingError (No route matches [GET] "/css/normalize.css"):
  actionpack (3.2.5) lib/action_dispatch/middleware/debug_exceptions.rb:21:in `call'
  actionpack (3.2.5) lib/action_dispatch/middleware/show_exceptions.rb:56:in `call'
  railties (3.2.5) lib/rails/rack/logger.rb:26:in `call_app'
  railties (3.2.5) lib/rails/rack/logger.rb:16:in `call'
  actionpack (3.2.5) lib/action_dispatch/middleware/request_id.rb:22:in `call'
  rack (1.4.1) lib/rack/methodoverride.rb:21:in `call'
  rack (1.4.1) lib/rack/runtime.rb:17:in `call'
  activesupport (3.2.5) lib/active_support/cache/strategy/local_cache.rb:72:in `call'
  rack (1.4.1) lib/rack/lock.rb:15:in `call'
  actionpack (3.2.5) lib/action_dispatch/middleware/static.rb:62:in `call'
  railties (3.2.5) lib/rails/engine.rb:479:in `call'
  railties (3.2.5) lib/rails/application.rb:220:in `call'
  rack (1.4.1) lib/rack/content_length.rb:14:in `call'
  railties (3.2.5) lib/rails/rack/log_tailer.rb:17:in `call'
  rack (1.4.1) lib/rack/handler/webrick.rb:59:in `service'
  /Users/julivandamaceno/.rvm/rubies/ruby-1.9.2-p136/lib/ruby/1.9.1/webrick/httpserver.rb:111:in `service'
  /Users/julivandamaceno/.rvm/rubies/ruby-1.9.2-p136/lib/ruby/1.9.1/webrick/httpserver.rb:70:in `run'
  /Users/julivandamaceno/.rvm/rubies/ruby-1.9.2-p136/lib/ruby/1.9.1/webrick/server.rb:183:in `block in start_thread'


  Rendered /Users/julivandamaceno/.rvm/gems/ruby-1.9.2-p136@atrip/gems/actionpack-3.2.5/lib/action_dispatch/middleware/templates/rescues/routing_error.erb within rescues/layout (2.1ms)


Started GET "/css/main.css" for 127.0.0.1 at 2013-04-04 00:03:43 -0300

ActionController::RoutingError (No route matches [GET] "/css/main.css"):
  actionpack (3.2.5) lib/action_dispatch/middleware/debug_exceptions.rb:21:in `call'
  actionpack (3.2.5) lib/action_dispatch/middleware/show_exceptions.rb:56:in `call'
  railties (3.2.5) lib/rails/rack/logger.rb:26:in `call_app'
  railties (3.2.5) lib/rails/rack/logger.rb:16:in `call'
  actionpack (3.2.5) lib/action_dispatch/middleware/request_id.rb:22:in `call'
  rack (1.4.1) lib/rack/methodoverride.rb:21:in `call'
  rack (1.4.1) lib/rack/runtime.rb:17:in `call'
  activesupport (3.2.5) lib/active_support/cache/strategy/local_cache.rb:72:in `call'
  rack (1.4.1) lib/rack/lock.rb:15:in `call'
  actionpack (3.2.5) lib/action_dispatch/middleware/static.rb:62:in `call'
  railties (3.2.5) lib/rails/engine.rb:479:in `call'
  railties (3.2.5) lib/rails/application.rb:220:in `call'
  rack (1.4.1) lib/rack/content_length.rb:14:in `call'
  railties (3.2.5) lib/rails/rack/log_tailer.rb:17:in `call'
  rack (1.4.1) lib/rack/handler/webrick.rb:59:in `service'
  /Users/julivandamaceno/.rvm/rubies/ruby-1.9.2-p136/lib/ruby/1.9.1/webrick/httpserver.rb:111:in `service'
  /Users/julivandamaceno/.rvm/rubies/ruby-1.9.2-p136/lib/ruby/1.9.1/webrick/httpserver.rb:70:in `run'
  /Users/julivandamaceno/.rvm/rubies/ruby-1.9.2-p136/lib/ruby/1.9.1/webrick/server.rb:183:in `block in start_thread'


  Rendered /Users/julivandamaceno/.rvm/gems/ruby-1.9.2-p136@atrip/gems/actionpack-3.2.5/lib/action_dispatch/middleware/templates/rescues/routing_error.erb within rescues/layout (1.0ms)


Started GET "/assets/jquery_ujs.js?body=1" for 127.0.0.1 at 2013-04-04 00:03:43 -0300
Served asset /jquery_ujs.js - 200 OK (4ms)


Started GET "/assets/home.js?body=1" for 127.0.0.1 at 2013-04-04 00:03:43 -0300
Served asset /home.js - 200 OK (5ms)


Started GET "/assets/application.js?body=1" for 127.0.0.1 at 2013-04-04 00:03:43 -0300
Served asset /application.js - 200 OK (11ms)


Started GET "/js/vendor/modernizr-2.6.2.min.js" for 127.0.0.1 at 2013-04-04 00:03:43 -0300

ActionController::RoutingError (No route matches [GET] "/js/vendor/modernizr-2.6.2.min.js"):
  actionpack (3.2.5) lib/action_dispatch/middleware/debug_exceptions.rb:21:in `call'
  actionpack (3.2.5) lib/action_dispatch/middleware/show_exceptions.rb:56:in `call'
  railties (3.2.5) lib/rails/rack/logger.rb:26:in `call_app'
  railties (3.2.5) lib/rails/rack/logger.rb:16:in `call'
  actionpack (3.2.5) lib/action_dispatch/middleware/request_id.rb:22:in `call'
  rack (1.4.1) lib/rack/methodoverride.rb:21:in `call'
  rack (1.4.1) lib/rack/runtime.rb:17:in `call'
  activesupport (3.2.5) lib/active_support/cache/strategy/local_cache.rb:72:in `call'
  rack (1.4.1) lib/rack/lock.rb:15:in `call'
  actionpack (3.2.5) lib/action_dispatch/middleware/static.rb:62:in `call'
  railties (3.2.5) lib/rails/engine.rb:479:in `call'
  railties (3.2.5) lib/rails/application.rb:220:in `call'
  rack (1.4.1) lib/rack/content_length.rb:14:in `call'
  railties (3.2.5) lib/rails/rack/log_tailer.rb:17:in `call'
  rack (1.4.1) lib/rack/handler/webrick.rb:59:in `service'
  /Users/julivandamaceno/.rvm/rubies/ruby-1.9.2-p136/lib/ruby/1.9.1/webrick/httpserver.rb:111:in `service'
  /Users/julivandamaceno/.rvm/rubies/ruby-1.9.2-p136/lib/ruby/1.9.1/webrick/httpserver.rb:70:in `run'
  /Users/julivandamaceno/.rvm/rubies/ruby-1.9.2-p136/lib/ruby/1.9.1/webrick/server.rb:183:in `block in start_thread'


  Rendered /Users/julivandamaceno/.rvm/gems/ruby-1.9.2-p136@atrip/gems/actionpack-3.2.5/lib/action_dispatch/middleware/templates/rescues/routing_error.erb within rescues/layout (0.9ms)


Started GET "/js/plugins.js" for 127.0.0.1 at 2013-04-04 00:03:43 -0300

ActionController::RoutingError (No route matches [GET] "/js/plugins.js"):
  actionpack (3.2.5) lib/action_dispatch/middleware/debug_exceptions.rb:21:in `call'
  actionpack (3.2.5) lib/action_dispatch/middleware/show_exceptions.rb:56:in `call'
  railties (3.2.5) lib/rails/rack/logger.rb:26:in `call_app'
  railties (3.2.5) lib/rails/rack/logger.rb:16:in `call'
  actionpack (3.2.5) lib/action_dispatch/middleware/request_id.rb:22:in `call'
  rack (1.4.1) lib/rack/methodoverride.rb:21:in `call'
  rack (1.4.1) lib/rack/runtime.rb:17:in `call'
  activesupport (3.2.5) lib/active_support/cache/strategy/local_cache.rb:72:in `call'
  rack (1.4.1) lib/rack/lock.rb:15:in `call'
  actionpack (3.2.5) lib/action_dispatch/middleware/static.rb:62:in `call'
  railties (3.2.5) lib/rails/engine.rb:479:in `call'
  railties (3.2.5) lib/rails/application.rb:220:in `call'
  rack (1.4.1) lib/rack/content_length.rb:14:in `call'
  railties (3.2.5) lib/rails/rack/log_tailer.rb:17:in `call'
  rack (1.4.1) lib/rack/handler/webrick.rb:59:in `service'
  /Users/julivandamaceno/.rvm/rubies/ruby-1.9.2-p136/lib/ruby/1.9.1/webrick/httpserver.rb:111:in `service'
  /Users/julivandamaceno/.rvm/rubies/ruby-1.9.2-p136/lib/ruby/1.9.1/webrick/httpserver.rb:70:in `run'
  /Users/julivandamaceno/.rvm/rubies/ruby-1.9.2-p136/lib/ruby/1.9.1/webrick/server.rb:183:in `block in start_thread'


  Rendered /Users/julivandamaceno/.rvm/gems/ruby-1.9.2-p136@atrip/gems/actionpack-3.2.5/lib/action_dispatch/middleware/templates/rescues/routing_error.erb within rescues/layout (0.9ms)


Started GET "/js/main.js" for 127.0.0.1 at 2013-04-04 00:03:43 -0300

ActionController::RoutingError (No route matches [GET] "/js/main.js"):
  actionpack (3.2.5) lib/action_dispatch/middleware/debug_exceptions.rb:21:in `call'
  actionpack (3.2.5) lib/action_dispatch/middleware/show_exceptions.rb:56:in `call'
  railties (3.2.5) lib/rails/rack/logger.rb:26:in `call_app'
  railties (3.2.5) lib/rails/rack/logger.rb:16:in `call'
  actionpack (3.2.5) lib/action_dispatch/middleware/request_id.rb:22:in `call'
  rack (1.4.1) lib/rack/methodoverride.rb:21:in `call'
  rack (1.4.1) lib/rack/runtime.rb:17:in `call'
  activesupport (3.2.5) lib/active_support/cache/strategy/local_cache.rb:72:in `call'
  rack (1.4.1) lib/rack/lock.rb:15:in `call'
  actionpack (3.2.5) lib/action_dispatch/middleware/static.rb:62:in `call'
  railties (3.2.5) lib/rails/engine.rb:479:in `call'
  railties (3.2.5) lib/rails/application.rb:220:in `call'
  rack (1.4.1) lib/rack/content_length.rb:14:in `call'
  railties (3.2.5) lib/rails/rack/log_tailer.rb:17:in `call'
  rack (1.4.1) lib/rack/handler/webrick.rb:59:in `service'
  /Users/julivandamaceno/.rvm/rubies/ruby-1.9.2-p136/lib/ruby/1.9.1/webrick/httpserver.rb:111:in `service'
  /Users/julivandamaceno/.rvm/rubies/ruby-1.9.2-p136/lib/ruby/1.9.1/webrick/httpserver.rb:70:in `run'
  /Users/julivandamaceno/.rvm/rubies/ruby-1.9.2-p136/lib/ruby/1.9.1/webrick/server.rb:183:in `block in start_thread'


  Rendered /Users/julivandamaceno/.rvm/gems/ruby-1.9.2-p136@atrip/gems/actionpack-3.2.5/lib/action_dispatch/middleware/templates/rescues/routing_error.erb within rescues/layout (1.2ms)


Started GET "/assets/home.js?body=1" for 127.0.0.1 at 2013-04-04 00:03:55 -0300
Served asset /home.js - 304 Not Modified (0ms)


Started GET "/assets/application.js?body=1" for 127.0.0.1 at 2013-04-04 00:04:00 -0300
Served asset /application.js - 304 Not Modified (0ms)


Started GET "/assets/screen.css?body=1" for 127.0.0.1 at 2013-04-04 00:04:06 -0300
Served asset /screen.css - 304 Not Modified (0ms)


Started GET "/assets/screen.css?body=1" for 127.0.0.1 at 2013-04-04 00:04:21 -0300
Served asset /screen.css - 304 Not Modified (0ms)


Started GET "/assets/screen.css?body=1" for 127.0.0.1 at 2013-04-04 00:04:30 -0300
Served asset /screen.css - 304 Not Modified (0ms)


Started GET "/" for 127.0.0.1 at 2013-04-04 00:07:28 -0300
Processing by HomeController#index as HTML
  Rendered home/index.html.erb within layouts/application (0.4ms)
Compiled vendor/modernizr-2.6.2.min.js  (0ms)  (pid 36635)
Compiled application.js  (9ms)  (pid 36635)
Completed 200 OK in 51ms (Views: 51.1ms | ActiveRecord: 0.0ms)


Started GET "/assets/modernizr-2.6.2.min.js" for 127.0.0.1 at 2013-04-04 00:07:31 -0300
Served asset /modernizr-2.6.2.min.js - 404 Not Found (5ms)

ActionController::RoutingError (No route matches [GET] "/assets/modernizr-2.6.2.min.js"):
  actionpack (3.2.5) lib/action_dispatch/middleware/debug_exceptions.rb:21:in `call'
  actionpack (3.2.5) lib/action_dispatch/middleware/show_exceptions.rb:56:in `call'
  railties (3.2.5) lib/rails/rack/logger.rb:26:in `call_app'
  railties (3.2.5) lib/rails/rack/logger.rb:16:in `call'
  actionpack (3.2.5) lib/action_dispatch/middleware/request_id.rb:22:in `call'
  rack (1.4.1) lib/rack/methodoverride.rb:21:in `call'
  rack (1.4.1) lib/rack/runtime.rb:17:in `call'
  activesupport (3.2.5) lib/active_support/cache/strategy/local_cache.rb:72:in `call'
  rack (1.4.1) lib/rack/lock.rb:15:in `call'
  actionpack (3.2.5) lib/action_dispatch/middleware/static.rb:62:in `call'
  railties (3.2.5) lib/rails/engine.rb:479:in `call'
  railties (3.2.5) lib/rails/application.rb:220:in `call'
  rack (1.4.1) lib/rack/content_length.rb:14:in `call'
  railties (3.2.5) lib/rails/rack/log_tailer.rb:17:in `call'
  rack (1.4.1) lib/rack/handler/webrick.rb:59:in `service'
  /Users/julivandamaceno/.rvm/rubies/ruby-1.9.2-p136/lib/ruby/1.9.1/webrick/httpserver.rb:111:in `service'
  /Users/julivandamaceno/.rvm/rubies/ruby-1.9.2-p136/lib/ruby/1.9.1/webrick/httpserver.rb:70:in `run'
  /Users/julivandamaceno/.rvm/rubies/ruby-1.9.2-p136/lib/ruby/1.9.1/webrick/server.rb:183:in `block in start_thread'


  Rendered /Users/julivandamaceno/.rvm/gems/ruby-1.9.2-p136@atrip/gems/actionpack-3.2.5/lib/action_dispatch/middleware/templates/rescues/routing_error.erb within rescues/layout (0.9ms)


Started GET "/" for 127.0.0.1 at 2013-04-04 00:07:50 -0300
Processing by HomeController#index as HTML
  Rendered home/index.html.erb within layouts/application (0.1ms)
Completed 200 OK in 16ms (Views: 15.5ms | ActiveRecord: 0.0ms)


Started GET "/vendor/modernizr-2.6.2.min.js" for 127.0.0.1 at 2013-04-04 00:07:52 -0300

ActionController::RoutingError (No route matches [GET] "/vendor/modernizr-2.6.2.min.js"):
  actionpack (3.2.5) lib/action_dispatch/middleware/debug_exceptions.rb:21:in `call'
  actionpack (3.2.5) lib/action_dispatch/middleware/show_exceptions.rb:56:in `call'
  railties (3.2.5) lib/rails/rack/logger.rb:26:in `call_app'
  railties (3.2.5) lib/rails/rack/logger.rb:16:in `call'
  actionpack (3.2.5) lib/action_dispatch/middleware/request_id.rb:22:in `call'
  rack (1.4.1) lib/rack/methodoverride.rb:21:in `call'
  rack (1.4.1) lib/rack/runtime.rb:17:in `call'
  activesupport (3.2.5) lib/active_support/cache/strategy/local_cache.rb:72:in `call'
  rack (1.4.1) lib/rack/lock.rb:15:in `call'
  actionpack (3.2.5) lib/action_dispatch/middleware/static.rb:62:in `call'
  railties (3.2.5) lib/rails/engine.rb:479:in `call'
  railties (3.2.5) lib/rails/application.rb:220:in `call'
  rack (1.4.1) lib/rack/content_length.rb:14:in `call'
  railties (3.2.5) lib/rails/rack/log_tailer.rb:17:in `call'
  rack (1.4.1) lib/rack/handler/webrick.rb:59:in `service'
  /Users/julivandamaceno/.rvm/rubies/ruby-1.9.2-p136/lib/ruby/1.9.1/webrick/httpserver.rb:111:in `service'
  /Users/julivandamaceno/.rvm/rubies/ruby-1.9.2-p136/lib/ruby/1.9.1/webrick/httpserver.rb:70:in `run'
  /Users/julivandamaceno/.rvm/rubies/ruby-1.9.2-p136/lib/ruby/1.9.1/webrick/server.rb:183:in `block in start_thread'


  Rendered /Users/julivandamaceno/.rvm/gems/ruby-1.9.2-p136@atrip/gems/actionpack-3.2.5/lib/action_dispatch/middleware/templates/rescues/routing_error.erb within rescues/layout (0.8ms)


Started GET "/vendor/modernizr-2.6.2.min.js" for 127.0.0.1 at 2013-04-04 00:08:06 -0300

ActionController::RoutingError (No route matches [GET] "/vendor/modernizr-2.6.2.min.js"):
  actionpack (3.2.5) lib/action_dispatch/middleware/debug_exceptions.rb:21:in `call'
  actionpack (3.2.5) lib/action_dispatch/middleware/show_exceptions.rb:56:in `call'
  railties (3.2.5) lib/rails/rack/logger.rb:26:in `call_app'
  railties (3.2.5) lib/rails/rack/logger.rb:16:in `call'
  actionpack (3.2.5) lib/action_dispatch/middleware/request_id.rb:22:in `call'
  rack (1.4.1) lib/rack/methodoverride.rb:21:in `call'
  rack (1.4.1) lib/rack/runtime.rb:17:in `call'
  activesupport (3.2.5) lib/active_support/cache/strategy/local_cache.rb:72:in `call'
  rack (1.4.1) lib/rack/lock.rb:15:in `call'
  actionpack (3.2.5) lib/action_dispatch/middleware/static.rb:62:in `call'
  railties (3.2.5) lib/rails/engine.rb:479:in `call'
  railties (3.2.5) lib/rails/application.rb:220:in `call'
  rack (1.4.1) lib/rack/content_length.rb:14:in `call'
  railties (3.2.5) lib/rails/rack/log_tailer.rb:17:in `call'
  rack (1.4.1) lib/rack/handler/webrick.rb:59:in `service'
  /Users/julivandamaceno/.rvm/rubies/ruby-1.9.2-p136/lib/ruby/1.9.1/webrick/httpserver.rb:111:in `service'
  /Users/julivandamaceno/.rvm/rubies/ruby-1.9.2-p136/lib/ruby/1.9.1/webrick/httpserver.rb:70:in `run'
  /Users/julivandamaceno/.rvm/rubies/ruby-1.9.2-p136/lib/ruby/1.9.1/webrick/server.rb:183:in `block in start_thread'


  Rendered /Users/julivandamaceno/.rvm/gems/ruby-1.9.2-p136@atrip/gems/actionpack-3.2.5/lib/action_dispatch/middleware/templates/rescues/routing_error.erb within rescues/layout (0.6ms)


Started GET "/assets/vendor/modernizr-2.6.2.min.js?body=1" for 127.0.0.1 at 2013-04-04 00:08:21 -0300
Served asset /vendor/modernizr-2.6.2.min.js - 200 OK (2ms)

Started GET "/" for 127.0.0.1 at 2013-04-04 00:10:22 -0300
Processing by HomeController#index as HTML
  Rendered home/index.html.erb within layouts/application (0.1ms)
Completed 200 OK in 9ms (Views: 8.7ms | ActiveRecord: 0.0ms)


Started GET "/assets/application.css?body=1" for 127.0.0.1 at 2013-04-04 00:10:22 -0300
Served asset /application.css - 304 Not Modified (0ms)


Started GET "/assets/home.css?body=1" for 127.0.0.1 at 2013-04-04 00:10:22 -0300
Served asset /home.css - 304 Not Modified (0ms)


Started GET "/assets/ie.css?body=1" for 127.0.0.1 at 2013-04-04 00:10:22 -0300
Served asset /ie.css - 304 Not Modified (0ms)


Started GET "/assets/print.css?body=1" for 127.0.0.1 at 2013-04-04 00:10:22 -0300
Served asset /print.css - 304 Not Modified (0ms)


Started GET "/assets/screen.css?body=1" for 127.0.0.1 at 2013-04-04 00:10:22 -0300
Served asset /screen.css - 304 Not Modified (0ms)


Started GET "/assets/jquery.js?body=1" for 127.0.0.1 at 2013-04-04 00:10:22 -0300
Served asset /jquery.js - 304 Not Modified (0ms)


Started GET "/assets/jquery_ujs.js?body=1" for 127.0.0.1 at 2013-04-04 00:10:22 -0300
Served asset /jquery_ujs.js - 304 Not Modified (0ms)


Started GET "/assets/vendor/modernizr-2.6.2.min.js?body=1" for 127.0.0.1 at 2013-04-04 00:10:22 -0300
Served asset /vendor/modernizr-2.6.2.min.js - 304 Not Modified (0ms)


Started GET "/assets/application.js?body=1" for 127.0.0.1 at 2013-04-04 00:10:22 -0300
Served asset /application.js - 304 Not Modified (5ms)


Started GET "/" for 127.0.0.1 at 2013-04-04 00:11:17 -0300
Processing by HomeController#index as HTML
  Rendered home/index.html.erb within layouts/application (0.0ms)
Compiled application.js  (2ms)  (pid 36635)
Completed 200 OK in 49ms (Views: 49.2ms | ActiveRecord: 0.0ms)


Started GET "/assets/application.css?body=1" for 127.0.0.1 at 2013-04-04 00:11:17 -0300
Served asset /application.css - 304 Not Modified (0ms)


Started GET "/assets/home.css?body=1" for 127.0.0.1 at 2013-04-04 00:11:17 -0300
Served asset /home.css - 304 Not Modified (0ms)


Started GET "/assets/print.css?body=1" for 127.0.0.1 at 2013-04-04 00:11:17 -0300
Served asset /print.css - 304 Not Modified (0ms)


Started GET "/assets/screen.css?body=1" for 127.0.0.1 at 2013-04-04 00:11:17 -0300
Served asset /screen.css - 304 Not Modified (0ms)


Started GET "/assets/ie.css?body=1" for 127.0.0.1 at 2013-04-04 00:11:17 -0300
Served asset /ie.css - 304 Not Modified (0ms)


Started GET "/assets/jquery.js?body=1" for 127.0.0.1 at 2013-04-04 00:11:17 -0300
Served asset /jquery.js - 304 Not Modified (0ms)


Started GET "/assets/jquery_ujs.js?body=1" for 127.0.0.1 at 2013-04-04 00:11:17 -0300
Served asset /jquery_ujs.js - 304 Not Modified (0ms)


Started GET "/assets/application.js?body=1" for 127.0.0.1 at 2013-04-04 00:11:17 -0300
Served asset /application.js - 304 Not Modified (5ms)


Started GET "/assets/jquery_ujs.js?body=1" for 127.0.0.1 at 2013-04-04 00:11:22 -0300
Served asset /jquery_ujs.js - 304 Not Modified (0ms)


Started GET "/assets/application.js?body=1" for 127.0.0.1 at 2013-04-04 00:11:48 -0300
Served asset /application.js - 304 Not Modified (0ms)


Started GET "/assets/jquery.js?body=1" for 127.0.0.1 at 2013-04-04 00:11:55 -0300
Served asset /jquery.js - 304 Not Modified (0ms)


Started GET "/" for 127.0.0.1 at 2013-04-04 00:13:29 -0300
Processing by HomeController#index as HTML
  Rendered home/index.html.erb within layouts/application (0.1ms)
Compiled application.js  (0ms)  (pid 36635)
Completed 200 OK in 18ms (Views: 17.5ms | ActiveRecord: 0.0ms)


Started GET "/assets/application.css?body=1" for 127.0.0.1 at 2013-04-04 00:13:30 -0300
Served asset /application.css - 304 Not Modified (0ms)


Started GET "/assets/home.css?body=1" for 127.0.0.1 at 2013-04-04 00:13:30 -0300
Served asset /home.css - 304 Not Modified (0ms)


Started GET "/assets/screen.css?body=1" for 127.0.0.1 at 2013-04-04 00:13:30 -0300
Served asset /screen.css - 304 Not Modified (0ms)


Started GET "/assets/print.css?body=1" for 127.0.0.1 at 2013-04-04 00:13:30 -0300
Served asset /print.css - 304 Not Modified (0ms)


Started GET "/assets/ie.css?body=1" for 127.0.0.1 at 2013-04-04 00:13:30 -0300
Served asset /ie.css - 304 Not Modified (0ms)


Started GET "/assets/application.js?body=1" for 127.0.0.1 at 2013-04-04 00:13:30 -0300
Served asset /application.js - 200 OK (3ms)


Started GET "/assets/application.js?body=1" for 127.0.0.1 at 2013-04-04 00:13:34 -0300
Served asset /application.js - 304 Not Modified (0ms)


Started GET "/" for 127.0.0.1 at 2013-04-04 00:14:47 -0300
Processing by HomeController#index as HTML
  Rendered home/index.html.erb within layouts/application (0.0ms)
Completed 200 OK in 8ms (Views: 8.1ms | ActiveRecord: 0.0ms)


Started GET "/assets/application.js?body=1" for 127.0.0.1 at 2013-04-04 00:14:54 -0300
Served asset /application.js - 304 Not Modified (0ms)


Started GET "/assets/vendor/zepto.min.js" for 127.0.0.1 at 2013-04-04 00:15:05 -0300
Compiled vendor/zepto.min.js  (0ms)  (pid 36635)
Served asset /vendor/zepto.min.js - 200 OK (41ms)


Started GET "/" for 127.0.0.1 at 2013-04-04 00:15:37 -0300
Processing by HomeController#index as HTML
  Rendered home/index.html.erb within layouts/application (0.1ms)
Completed 200 OK in 8ms (Views: 7.3ms | ActiveRecord: 0.0ms)


Started GET "/" for 127.0.0.1 at 2013-04-04 00:15:39 -0300
Processing by HomeController#index as HTML
  Rendered home/index.html.erb within layouts/application (0.0ms)
Completed 200 OK in 6ms (Views: 6.2ms | ActiveRecord: 0.0ms)


Started GET "/assets/application.css?body=1" for 127.0.0.1 at 2013-04-04 00:15:39 -0300
Served asset /application.css - 304 Not Modified (0ms)


Started GET "/assets/home.css?body=1" for 127.0.0.1 at 2013-04-04 00:15:39 -0300
Served asset /home.css - 304 Not Modified (0ms)


Started GET "/assets/ie.css?body=1" for 127.0.0.1 at 2013-04-04 00:15:39 -0300
Served asset /ie.css - 304 Not Modified (0ms)


Started GET "/assets/screen.css?body=1" for 127.0.0.1 at 2013-04-04 00:15:39 -0300
Served asset /screen.css - 304 Not Modified (0ms)


Started GET "/assets/print.css?body=1" for 127.0.0.1 at 2013-04-04 00:15:39 -0300
Served asset /print.css - 304 Not Modified (0ms)


Started GET "/assets/application.js?body=1" for 127.0.0.1 at 2013-04-04 00:15:39 -0300
Served asset /application.js - 304 Not Modified (0ms)


Started GET "/assets/vendor/zepto.js" for 127.0.0.1 at 2013-04-04 00:15:40 -0300
Served asset /vendor/zepto.js - 404 Not Found (3ms)

ActionController::RoutingError (No route matches [GET] "/assets/vendor/zepto.js"):
  actionpack (3.2.5) lib/action_dispatch/middleware/debug_exceptions.rb:21:in `call'
  actionpack (3.2.5) lib/action_dispatch/middleware/show_exceptions.rb:56:in `call'
  railties (3.2.5) lib/rails/rack/logger.rb:26:in `call_app'
  railties (3.2.5) lib/rails/rack/logger.rb:16:in `call'
  actionpack (3.2.5) lib/action_dispatch/middleware/request_id.rb:22:in `call'
  rack (1.4.1) lib/rack/methodoverride.rb:21:in `call'
  rack (1.4.1) lib/rack/runtime.rb:17:in `call'
  activesupport (3.2.5) lib/active_support/cache/strategy/local_cache.rb:72:in `call'
  rack (1.4.1) lib/rack/lock.rb:15:in `call'
  actionpack (3.2.5) lib/action_dispatch/middleware/static.rb:62:in `call'
  railties (3.2.5) lib/rails/engine.rb:479:in `call'
  railties (3.2.5) lib/rails/application.rb:220:in `call'
  rack (1.4.1) lib/rack/content_length.rb:14:in `call'
  railties (3.2.5) lib/rails/rack/log_tailer.rb:17:in `call'
  rack (1.4.1) lib/rack/handler/webrick.rb:59:in `service'
  /Users/julivandamaceno/.rvm/rubies/ruby-1.9.2-p136/lib/ruby/1.9.1/webrick/httpserver.rb:111:in `service'
  /Users/julivandamaceno/.rvm/rubies/ruby-1.9.2-p136/lib/ruby/1.9.1/webrick/httpserver.rb:70:in `run'
  /Users/julivandamaceno/.rvm/rubies/ruby-1.9.2-p136/lib/ruby/1.9.1/webrick/server.rb:183:in `block in start_thread'


  Rendered /Users/julivandamaceno/.rvm/gems/ruby-1.9.2-p136@atrip/gems/actionpack-3.2.5/lib/action_dispatch/middleware/templates/rescues/routing_error.erb within rescues/layout (0.7ms)


Started GET "/" for 127.0.0.1 at 2013-04-04 00:15:47 -0300
Processing by HomeController#index as HTML
  Rendered home/index.html.erb within layouts/application (0.0ms)
Completed 200 OK in 7ms (Views: 6.7ms | ActiveRecord: 0.0ms)


Started GET "/assets/application.css?body=1" for 127.0.0.1 at 2013-04-04 00:15:47 -0300
Served asset /application.css - 304 Not Modified (0ms)


Started GET "/assets/home.css?body=1" for 127.0.0.1 at 2013-04-04 00:15:48 -0300
Served asset /home.css - 304 Not Modified (0ms)


Started GET "/assets/ie.css?body=1" for 127.0.0.1 at 2013-04-04 00:15:48 -0300
Served asset /ie.css - 304 Not Modified (0ms)


Started GET "/assets/application.js?body=1" for 127.0.0.1 at 2013-04-04 00:15:48 -0300
Served asset /application.js - 304 Not Modified (0ms)


Started GET "/assets/print.css?body=1" for 127.0.0.1 at 2013-04-04 00:15:48 -0300
Served asset /print.css - 304 Not Modified (0ms)


Started GET "/assets/screen.css?body=1" for 127.0.0.1 at 2013-04-04 00:15:48 -0300
Served asset /screen.css - 304 Not Modified (0ms)


Started GET "/assets/vendor/zepto.js" for 127.0.0.1 at 2013-04-04 00:15:48 -0300
Served asset /vendor/zepto.js - 404 Not Found (3ms)

ActionController::RoutingError (No route matches [GET] "/assets/vendor/zepto.js"):
  actionpack (3.2.5) lib/action_dispatch/middleware/debug_exceptions.rb:21:in `call'
  actionpack (3.2.5) lib/action_dispatch/middleware/show_exceptions.rb:56:in `call'
  railties (3.2.5) lib/rails/rack/logger.rb:26:in `call_app'
  railties (3.2.5) lib/rails/rack/logger.rb:16:in `call'
  actionpack (3.2.5) lib/action_dispatch/middleware/request_id.rb:22:in `call'
  rack (1.4.1) lib/rack/methodoverride.rb:21:in `call'
  rack (1.4.1) lib/rack/runtime.rb:17:in `call'
  activesupport (3.2.5) lib/active_support/cache/strategy/local_cache.rb:72:in `call'
  rack (1.4.1) lib/rack/lock.rb:15:in `call'
  actionpack (3.2.5) lib/action_dispatch/middleware/static.rb:62:in `call'
  railties (3.2.5) lib/rails/engine.rb:479:in `call'
  railties (3.2.5) lib/rails/application.rb:220:in `call'
  rack (1.4.1) lib/rack/content_length.rb:14:in `call'
  railties (3.2.5) lib/rails/rack/log_tailer.rb:17:in `call'
  rack (1.4.1) lib/rack/handler/webrick.rb:59:in `service'
  /Users/julivandamaceno/.rvm/rubies/ruby-1.9.2-p136/lib/ruby/1.9.1/webrick/httpserver.rb:111:in `service'
  /Users/julivandamaceno/.rvm/rubies/ruby-1.9.2-p136/lib/ruby/1.9.1/webrick/httpserver.rb:70:in `run'
  /Users/julivandamaceno/.rvm/rubies/ruby-1.9.2-p136/lib/ruby/1.9.1/webrick/server.rb:183:in `block in start_thread'


  Rendered /Users/julivandamaceno/.rvm/gems/ruby-1.9.2-p136@atrip/gems/actionpack-3.2.5/lib/action_dispatch/middleware/templates/rescues/routing_error.erb within rescues/layout (0.6ms)


Started GET "/" for 127.0.0.1 at 2013-04-04 00:16:05 -0300
Processing by HomeController#index as HTML
  Rendered home/index.html.erb within layouts/application (0.0ms)
Completed 200 OK in 9ms (Views: 8.4ms | ActiveRecord: 0.0ms)


Started GET "/assets/application.css?body=1" for 127.0.0.1 at 2013-04-04 00:16:05 -0300
Served asset /application.css - 304 Not Modified (0ms)


Started GET "/assets/home.css?body=1" for 127.0.0.1 at 2013-04-04 00:16:05 -0300
Served asset /home.css - 304 Not Modified (0ms)


Started GET "/assets/print.css?body=1" for 127.0.0.1 at 2013-04-04 00:16:05 -0300
Served asset /print.css - 304 Not Modified (0ms)


Started GET "/assets/screen.css?body=1" for 127.0.0.1 at 2013-04-04 00:16:05 -0300
Served asset /screen.css - 304 Not Modified (0ms)


Started GET "/assets/ie.css?body=1" for 127.0.0.1 at 2013-04-04 00:16:05 -0300
Served asset /ie.css - 304 Not Modified (0ms)


Started GET "/assets/application.js?body=1" for 127.0.0.1 at 2013-04-04 00:16:05 -0300
Served asset /application.js - 304 Not Modified (0ms)


Started GET "/assets/vendor/zepto.min.js" for 127.0.0.1 at 2013-04-04 00:16:05 -0300
Served asset /vendor/zepto.min.js - 304 Not Modified (0ms)
=======
=======
Connecting to database specified by database.yml
Connecting to database specified by database.yml
  [1m[36m (0.1ms)[0m  [1mselect sqlite_version(*)[0m
  [1m[35m (5.0ms)[0m  CREATE TABLE "schema_migrations" ("version" varchar(255) NOT NULL) 
  [1m[36m (0.0ms)[0m  [1mPRAGMA index_list("schema_migrations")[0m
  [1m[35m (0.6ms)[0m  CREATE UNIQUE INDEX "unique_schema_migrations" ON "schema_migrations" ("version")
  [1m[36m (0.1ms)[0m  [1mSELECT "schema_migrations"."version" FROM "schema_migrations" [0m
Migrating to CreateCountries (20130404024544)
  [1m[35m (0.0ms)[0m  begin transaction
  [1m[36m (0.4ms)[0m  [1mCREATE TABLE "countries" ("id" INTEGER PRIMARY KEY AUTOINCREMENT NOT NULL, "name" varchar(255) NOT NULL, "display_name" varchar(255) NOT NULL, "active" boolean DEFAULT 'f', "abbreviation" varchar(2) NOT NULL, "description" varchar(255), "created_at" datetime NOT NULL, "updated_at" datetime NOT NULL) [0m
  [1m[35m (0.1ms)[0m  INSERT INTO "schema_migrations" ("version") VALUES ('20130404024544')
  [1m[36m (0.5ms)[0m  [1mcommit transaction[0m
  [1m[35m (0.2ms)[0m  select sqlite_version(*)
  [1m[36m (0.1ms)[0m  [1mSELECT "schema_migrations"."version" FROM "schema_migrations" [0m
  [1m[35m (0.0ms)[0m  PRAGMA index_list("countries")
Connecting to database specified by database.yml
  [1m[36m (0.1ms)[0m  [1mSELECT "schema_migrations"."version" FROM "schema_migrations" [0m
  [1m[35m (0.1ms)[0m  SELECT "schema_migrations"."version" FROM "schema_migrations" 
Migrating to CreateCountries (20130404024544)
  [1m[36m (0.0ms)[0m  [1mselect sqlite_version(*)[0m
  [1m[35m (0.0ms)[0m  begin transaction
  [1m[36m (0.3ms)[0m  [1mDROP TABLE "countries"[0m
  [1m[35m (0.1ms)[0m  DELETE FROM "schema_migrations" WHERE "schema_migrations"."version" = '20130404024544'
  [1m[36m (4.9ms)[0m  [1mcommit transaction[0m
  [1m[35m (0.2ms)[0m  select sqlite_version(*)
  [1m[36m (0.1ms)[0m  [1mSELECT "schema_migrations"."version" FROM "schema_migrations" [0m
Connecting to database specified by database.yml
  [1m[36m (0.1ms)[0m  [1mSELECT "schema_migrations"."version" FROM "schema_migrations" [0m
Migrating to CreateCountries (20130404024544)
  [1m[35m (0.0ms)[0m  select sqlite_version(*)
  [1m[36m (0.0ms)[0m  [1mbegin transaction[0m
  [1m[35m (0.4ms)[0m  CREATE TABLE "countries" ("id" INTEGER PRIMARY KEY AUTOINCREMENT NOT NULL, "name" varchar(255) NOT NULL, "display_name" varchar(255) NOT NULL, "active" boolean DEFAULT 'f', "abbreviation" varchar(2) NOT NULL, "description" varchar(255), "created_at" datetime NOT NULL, "updated_at" datetime NOT NULL) 
  [1m[36m (0.1ms)[0m  [1mINSERT INTO "schema_migrations" ("version") VALUES ('20130404024544')[0m
  [1m[35m (5.1ms)[0m  commit transaction
  [1m[36m (0.2ms)[0m  [1mselect sqlite_version(*)[0m
  [1m[35m (0.1ms)[0m  SELECT "schema_migrations"."version" FROM "schema_migrations" 
  [1m[36m (0.0ms)[0m  [1mPRAGMA index_list("countries")[0m
>>>>>>> Stashed changes
>>>>>>> 8c6e7eafbac0bbd10a0d47b07bf67680bef3929c
